2014-08-21 21:49:01,312 INFO: microblog startup [in d:\WingHome\myflask\blog\__init__.py:36]
2014-08-21 21:52:54,753 INFO: microblog startup [in d:\WingHome\myflask\blog\__init__.py:36]
2014-08-21 21:52:56,605 INFO: microblog startup [in d:\WingHome\myflask\blog\__init__.py:36]
2014-08-21 22:21:07,096 INFO: microblog startup [in d:\WingHome\myflask\blog\__init__.py:36]
2014-08-21 22:27:13,292 INFO: microblog startup [in d:\WingHome\myflask\blog\__init__.py:36]
2014-08-23 13:45:56,221 INFO: microblog startup [in d:\WingHome\myflask\blog\__init__.py:36]
2014-08-23 13:45:56,828 INFO: microblog startup [in d:\WingHome\myflask\blog\__init__.py:36]
2014-08-23 14:10:03,770 INFO: microblog startup [in d:\WingHome\myflask\blog\__init__.py:36]
2014-08-23 14:10:42,260 INFO: microblog startup [in d:\WingHome\myflask\blog\__init__.py:36]
2014-08-23 14:12:47,483 INFO: microblog startup [in d:\WingHome\myflask\blog\__init__.py:36]
2014-08-23 14:36:42,819 INFO: microblog startup [in d:\WingHome\myflask\blog\__init__.py:36]
2014-08-23 14:44:16,746 ERROR: Exception on /login [GET] [in C:\src\ide\bin\2.7\src/debug/tserver\dbgutils.pyc:1452]
Traceback (most recent call last):
  File "D:\Python27\lib\site-packages\flask\app.py", line 1687, in wsgi_app
    response = self.full_dispatch_request()
  File "D:\Python27\lib\site-packages\flask\app.py", line 1360, in full_dispatch_request
    rv = self.handle_user_exception(e)
  File "D:\Python27\lib\site-packages\flask\app.py", line 1358, in full_dispatch_request
    rv = self.dispatch_request()
  File "D:\Python27\lib\site-packages\flask\app.py", line 1344, in dispatch_request
    return self.view_functions[rule.endpoint](**req.view_args)
  File "D:\Python27\lib\site-packages\flask_openid.py", line 480, in decorated
    return f(*args, **kwargs)
  File "d:\WingHome\myflask\blog\views.py", line 40, in login
    providers = blog.config['OPENID_PROVIDERS'])
  File "D:\Python27\lib\site-packages\flask\templating.py", line 124, in render_template
    return _render(ctx.app.jinja_env.get_or_select_template(template_name_or_list),
  File "D:\Python27\lib\site-packages\jinja2\environment.py", line 830, in get_or_select_template
    return self.get_template(template_name_or_list, parent, globals)
  File "D:\Python27\lib\site-packages\jinja2\environment.py", line 791, in get_template
    return self._load_template(name, self.make_globals(globals))
  File "D:\Python27\lib\site-packages\jinja2\environment.py", line 765, in _load_template
    template = self.loader.load(self, name, globals)
  File "D:\Python27\lib\site-packages\jinja2\loaders.py", line 113, in load
    source, filename, uptodate = self.get_source(environment, name)
  File "D:\Python27\lib\site-packages\flask\templating.py", line 57, in get_source
    return loader.get_source(environment, local_name)
  File "D:\Python27\lib\site-packages\jinja2\loaders.py", line 167, in get_source
    contents = f.read().decode(self.encoding)
  File "D:\Python27\lib\encodings\utf_8.py", line 16, in decode
    return codecs.utf_8_decode(input, errors, True)
UnicodeDecodeError: 'utf8' codec can't decode byte 0xc7 in position 616: invalid continuation byte
2014-08-23 14:45:37,657 INFO: microblog startup [in d:\WingHome\myflask\blog\__init__.py:36]
2014-08-23 14:45:40,316 ERROR: Exception on /login [GET] [in C:\src\ide\bin\2.7\src/debug/tserver\dbgutils.pyc:1452]
Traceback (most recent call last):
  File "D:\Python27\lib\site-packages\flask\app.py", line 1687, in wsgi_app
    response = self.full_dispatch_request()
  File "D:\Python27\lib\site-packages\flask\app.py", line 1360, in full_dispatch_request
    rv = self.handle_user_exception(e)
  File "D:\Python27\lib\site-packages\flask\app.py", line 1358, in full_dispatch_request
    rv = self.dispatch_request()
  File "D:\Python27\lib\site-packages\flask\app.py", line 1344, in dispatch_request
    return self.view_functions[rule.endpoint](**req.view_args)
  File "D:\Python27\lib\site-packages\flask_openid.py", line 480, in decorated
    return f(*args, **kwargs)
  File "d:\WingHome\myflask\blog\views.py", line 40, in login
    providers = blog.config['OPENID_PROVIDERS'])
  File "D:\Python27\lib\site-packages\flask\templating.py", line 124, in render_template
    return _render(ctx.app.jinja_env.get_or_select_template(template_name_or_list),
  File "D:\Python27\lib\site-packages\jinja2\environment.py", line 830, in get_or_select_template
    return self.get_template(template_name_or_list, parent, globals)
  File "D:\Python27\lib\site-packages\jinja2\environment.py", line 791, in get_template
    return self._load_template(name, self.make_globals(globals))
  File "D:\Python27\lib\site-packages\jinja2\environment.py", line 765, in _load_template
    template = self.loader.load(self, name, globals)
  File "D:\Python27\lib\site-packages\jinja2\loaders.py", line 113, in load
    source, filename, uptodate = self.get_source(environment, name)
  File "D:\Python27\lib\site-packages\flask\templating.py", line 57, in get_source
    return loader.get_source(environment, local_name)
  File "D:\Python27\lib\site-packages\jinja2\loaders.py", line 167, in get_source
    contents = f.read().decode(self.encoding)
  File "D:\Python27\lib\encodings\utf_8.py", line 16, in decode
    return codecs.utf_8_decode(input, errors, True)
UnicodeDecodeError: 'utf8' codec can't decode byte 0xc7 in position 616: invalid continuation byte
2014-08-23 14:47:18,565 ERROR: Exception on /login [GET] [in C:\src\ide\bin\2.7\src/debug/tserver\dbgutils.pyc:1452]
Traceback (most recent call last):
  File "D:\Python27\lib\site-packages\flask\app.py", line 1687, in wsgi_app
    response = self.full_dispatch_request()
  File "D:\Python27\lib\site-packages\flask\app.py", line 1360, in full_dispatch_request
    rv = self.handle_user_exception(e)
  File "D:\Python27\lib\site-packages\flask\app.py", line 1358, in full_dispatch_request
    rv = self.dispatch_request()
  File "D:\Python27\lib\site-packages\flask\app.py", line 1344, in dispatch_request
    return self.view_functions[rule.endpoint](**req.view_args)
  File "D:\Python27\lib\site-packages\flask_openid.py", line 480, in decorated
    return f(*args, **kwargs)
  File "d:\WingHome\myflask\blog\views.py", line 40, in login
    providers = blog.config['OPENID_PROVIDERS'])
  File "D:\Python27\lib\site-packages\flask\templating.py", line 124, in render_template
    return _render(ctx.app.jinja_env.get_or_select_template(template_name_or_list),
  File "D:\Python27\lib\site-packages\jinja2\environment.py", line 830, in get_or_select_template
    return self.get_template(template_name_or_list, parent, globals)
  File "D:\Python27\lib\site-packages\jinja2\environment.py", line 791, in get_template
    return self._load_template(name, self.make_globals(globals))
  File "D:\Python27\lib\site-packages\jinja2\environment.py", line 765, in _load_template
    template = self.loader.load(self, name, globals)
  File "D:\Python27\lib\site-packages\jinja2\loaders.py", line 113, in load
    source, filename, uptodate = self.get_source(environment, name)
  File "D:\Python27\lib\site-packages\flask\templating.py", line 57, in get_source
    return loader.get_source(environment, local_name)
  File "D:\Python27\lib\site-packages\jinja2\loaders.py", line 167, in get_source
    contents = f.read().decode(self.encoding)
  File "D:\Python27\lib\encodings\utf_8.py", line 16, in decode
    return codecs.utf_8_decode(input, errors, True)
UnicodeDecodeError: 'utf8' codec can't decode byte 0xbc in position 998: invalid start byte
2014-08-23 14:47:44,217 INFO: microblog startup [in d:\WingHome\myflask\blog\__init__.py:36]
2014-08-23 14:47:44,934 INFO: microblog startup [in d:\WingHome\myflask\blog\__init__.py:36]
2014-08-23 14:59:46,381 INFO: microblog startup [in d:\WingHome\myflask\blog\__init__.py:36]
2014-08-23 14:59:47,078 INFO: microblog startup [in d:\WingHome\myflask\blog\__init__.py:36]
2014-08-23 15:45:21,030 INFO: microblog startup [in d:\WingHome\myflask\blog\__init__.py:36]
2014-08-23 15:45:21,700 INFO: microblog startup [in d:\WingHome\myflask\blog\__init__.py:36]
2014-08-23 15:46:22,775 INFO: microblog startup [in d:\WingHome\myflask\blog\__init__.py:36]
2014-08-23 15:46:36,878 INFO: microblog startup [in d:\WingHome\myflask\blog\__init__.py:36]
2014-08-23 16:27:09,528 INFO: microblog startup [in d:\WingHome\myflask\blog\__init__.py:36]
2014-08-23 16:27:52,137 INFO: microblog startup [in d:\WingHome\myflask\blog\__init__.py:36]
2014-08-23 16:28:08,220 INFO: microblog startup [in d:\WingHome\myflask\blog\__init__.py:36]
2014-08-24 09:56:42,016 INFO: microblog startup [in d:\WingHome\myflask\blog\__init__.py:36]
2014-08-24 09:57:12,772 INFO: microblog startup [in d:\WingHome\myflask\blog\__init__.py:36]
2014-08-24 09:57:39,499 INFO: microblog startup [in d:\WingHome\myflask\blog\__init__.py:36]
2014-08-24 10:03:42,598 INFO: microblog startup [in d:\WingHome\myflask\blog\__init__.py:36]
2014-08-24 10:04:02,665 INFO: microblog startup [in d:\WingHome\myflask\blog\__init__.py:36]
2014-08-24 10:26:11,970 INFO: microblog startup [in d:\WingHome\myflask\blog\__init__.py:36]
2014-08-24 10:26:13,259 INFO: microblog startup [in d:\WingHome\myflask\blog\__init__.py:36]
2014-08-24 10:32:00,641 INFO: microblog startup [in d:\WingHome\myflask\blog\__init__.py:36]
2014-08-24 10:38:41,453 INFO: microblog startup [in d:\WingHome\myflask\blog\__init__.py:36]
2014-08-24 10:41:00,752 INFO: microblog startup [in d:\WingHome\myflask\blog\__init__.py:36]
2014-08-24 10:41:07,907 INFO: microblog startup [in d:\WingHome\myflask\blog\__init__.py:36]
2014-08-24 10:41:32,456 INFO: microblog startup [in d:\WingHome\myflask\blog\__init__.py:36]
2014-08-24 10:41:52,309 INFO: microblog startup [in d:\WingHome\myflask\blog\__init__.py:36]
2014-08-24 10:42:14,819 INFO: microblog startup [in d:\WingHome\myflask\blog\__init__.py:36]
2014-08-24 10:43:02,003 INFO: microblog startup [in d:\WingHome\myflask\blog\__init__.py:36]
2014-08-24 10:43:03,242 INFO: microblog startup [in d:\WingHome\myflask\blog\__init__.py:36]
2014-08-24 10:52:18,743 INFO: microblog startup [in d:\WingHome\myflask\blog\__init__.py:36]
2014-08-24 10:58:15,335 INFO: microblog startup [in d:\WingHome\myflask\blog\__init__.py:36]
2014-08-24 10:58:52,256 INFO: microblog startup [in d:\WingHome\myflask\blog\__init__.py:36]
2014-08-24 10:58:52,832 INFO: microblog startup [in d:\WingHome\myflask\blog\__init__.py:36]
2014-08-24 11:01:52,259 INFO: microblog startup [in d:\WingHome\myflask\blog\__init__.py:36]
2014-08-24 11:02:06,194 INFO: microblog startup [in d:\WingHome\myflask\blog\__init__.py:36]
2014-08-24 11:02:06,822 INFO: microblog startup [in d:\WingHome\myflask\blog\__init__.py:36]
2014-08-24 11:21:18,594 INFO: microblog startup [in d:\WingHome\myflask\blog\__init__.py:36]
2014-08-24 11:21:19,181 INFO: microblog startup [in d:\WingHome\myflask\blog\__init__.py:36]
2014-08-24 11:22:47,160 INFO: microblog startup [in d:\WingHome\myflask\blog\__init__.py:36]
2014-08-24 11:23:04,249 INFO: microblog startup [in d:\WingHome\myflask\blog\__init__.py:36]
2014-08-24 11:27:36,062 INFO: microblog startup [in d:\WingHome\myflask\blog\__init__.py:36]
2014-08-24 11:29:52,598 INFO: microblog startup [in d:\WingHome\myflask\blog\__init__.py:36]
2014-08-24 11:59:22,710 INFO: microblog startup [in d:\WingHome\myflask\blog\__init__.py:36]
2014-08-24 12:26:56,197 INFO: microblog startup [in d:\WingHome\myflask\blog\__init__.py:36]
2014-08-24 12:28:14,740 INFO: microblog startup [in d:\WingHome\myflask\blog\__init__.py:36]
2014-08-24 12:30:48,977 INFO: microblog startup [in d:\WingHome\myflask\blog\__init__.py:36]
2014-08-24 13:42:22,734 INFO: microblog startup [in d:\WingHome\myflask\blog\__init__.py:36]
2014-08-24 13:44:15,085 INFO: microblog startup [in d:\WingHome\myflask\blog\__init__.py:36]
2014-08-24 13:46:13,793 INFO: microblog startup [in d:\WingHome\myflask\blog\__init__.py:36]
2014-08-24 13:49:12,928 INFO: microblog startup [in d:\WingHome\myflask\blog\__init__.py:36]
2014-08-24 13:49:35,459 INFO: microblog startup [in d:\WingHome\myflask\blog\__init__.py:36]
2014-08-24 13:49:53,780 INFO: microblog startup [in d:\WingHome\myflask\blog\__init__.py:36]
2014-08-24 13:57:38,351 INFO: microblog startup [in d:\WingHome\myflask\blog\__init__.py:36]
2014-08-24 13:59:49,640 INFO: microblog startup [in d:\WingHome\myflask\blog\__init__.py:36]
2014-08-24 14:01:07,401 INFO: microblog startup [in d:\WingHome\myflask\blog\__init__.py:36]
2014-08-24 14:05:51,025 INFO: microblog startup [in d:\WingHome\myflask\blog\__init__.py:36]
2014-08-24 14:05:51,615 INFO: microblog startup [in d:\WingHome\myflask\blog\__init__.py:36]
2014-08-24 14:08:57,492 INFO: microblog startup [in d:\WingHome\myflask\blog\__init__.py:36]
2014-08-24 14:20:41,168 INFO: microblog startup [in d:\WingHome\myflask\blog\__init__.py:36]
2014-08-24 14:21:03,306 INFO: microblog startup [in d:\WingHome\myflask\blog\__init__.py:36]
2014-08-24 14:21:28,470 INFO: microblog startup [in d:\WingHome\myflask\blog\__init__.py:36]
2014-08-24 14:23:21,473 INFO: microblog startup [in d:\WingHome\myflask\blog\__init__.py:36]
2014-08-24 14:23:33,165 INFO: microblog startup [in d:\WingHome\myflask\blog\__init__.py:36]
2014-08-24 14:23:33,812 INFO: microblog startup [in d:\WingHome\myflask\blog\__init__.py:36]
2014-08-24 14:24:31,644 INFO: microblog startup [in d:\WingHome\myflask\blog\__init__.py:36]
2014-08-24 14:25:20,358 INFO: microblog startup [in d:\WingHome\myflask\blog\__init__.py:36]
2014-08-24 14:25:46,176 INFO: microblog startup [in d:\WingHome\myflask\blog\__init__.py:36]
2014-08-24 14:25:46,793 INFO: microblog startup [in d:\WingHome\myflask\blog\__init__.py:36]
2014-08-24 14:28:06,130 INFO: microblog startup [in d:\WingHome\myflask\blog\__init__.py:36]
2014-08-24 14:28:24,927 INFO: microblog startup [in d:\WingHome\myflask\blog\__init__.py:36]
2014-08-24 14:28:25,641 INFO: microblog startup [in d:\WingHome\myflask\blog\__init__.py:36]
2014-08-24 14:30:16,895 INFO: microblog startup [in d:\WingHome\myflask\blog\__init__.py:36]
2014-08-24 14:30:36,140 INFO: microblog startup [in d:\WingHome\myflask\blog\__init__.py:36]
2014-08-24 14:31:47,023 INFO: microblog startup [in d:\WingHome\myflask\blog\__init__.py:36]
2014-08-24 14:32:49,329 INFO: microblog startup [in d:\WingHome\myflask\blog\__init__.py:36]
2014-08-24 14:46:20,073 INFO: microblog startup [in d:\WingHome\myflask\blog\__init__.py:36]
2014-08-24 14:51:05,835 INFO: microblog startup [in d:\WingHome\myflask\blog\__init__.py:36]
2014-08-24 14:52:30,523 INFO: microblog startup [in d:\WingHome\myflask\blog\__init__.py:36]
2014-08-24 14:53:41,969 INFO: microblog startup [in d:\WingHome\myflask\blog\__init__.py:36]
2014-08-24 15:11:01,740 INFO: microblog startup [in d:\WingHome\myflask\blog\__init__.py:36]
2014-08-24 15:11:02,339 INFO: microblog startup [in d:\WingHome\myflask\blog\__init__.py:36]
2014-08-24 15:11:53,315 INFO: microblog startup [in d:\WingHome\myflask\blog\__init__.py:36]
2014-08-24 15:19:37,538 INFO: microblog startup [in d:\WingHome\myflask\blog\__init__.py:36]
2014-08-24 15:22:09,470 INFO: microblog startup [in d:\WingHome\myflask\blog\__init__.py:36]
2014-08-24 15:22:54,088 INFO: microblog startup [in d:\WingHome\myflask\blog\__init__.py:36]
2014-08-24 15:32:27,174 INFO: microblog startup [in d:\WingHome\myflask\blog\__init__.py:36]
2014-08-24 15:33:11,631 INFO: microblog startup [in d:\WingHome\myflask\blog\__init__.py:36]
2014-08-24 15:34:07,312 INFO: microblog startup [in d:\WingHome\myflask\blog\__init__.py:36]
2014-08-24 15:34:51,779 INFO: microblog startup [in d:\WingHome\myflask\blog\__init__.py:36]
2014-08-24 15:43:55,535 INFO: microblog startup [in d:\WingHome\myflask\blog\__init__.py:36]
2014-08-24 15:48:20,071 INFO: microblog startup [in d:\WingHome\myflask\blog\__init__.py:36]
2014-08-24 15:49:27,183 INFO: microblog startup [in d:\WingHome\myflask\blog\__init__.py:36]
2014-08-24 15:49:42,332 INFO: microblog startup [in d:\WingHome\myflask\blog\__init__.py:36]
2014-08-24 15:50:47,595 INFO: microblog startup [in d:\WingHome\myflask\blog\__init__.py:36]
2014-08-24 15:51:29,181 INFO: microblog startup [in d:\WingHome\myflask\blog\__init__.py:36]
2014-08-24 15:52:22,270 INFO: microblog startup [in d:\WingHome\myflask\blog\__init__.py:36]
2014-08-24 15:55:37,387 INFO: microblog startup [in d:\WingHome\myflask\blog\__init__.py:36]
2014-08-24 15:57:28,898 INFO: microblog startup [in d:\WingHome\myflask\blog\__init__.py:36]
2014-08-24 15:57:31,644 INFO: microblog startup [in d:\WingHome\myflask\blog\__init__.py:36]
2014-08-24 15:57:51,194 INFO: microblog startup [in d:\WingHome\myflask\blog\__init__.py:36]
2014-08-24 15:57:51,798 INFO: microblog startup [in d:\WingHome\myflask\blog\__init__.py:36]
2014-08-24 15:59:41,085 INFO: microblog startup [in d:\WingHome\myflask\blog\__init__.py:36]
2014-08-24 15:59:41,671 INFO: microblog startup [in d:\WingHome\myflask\blog\__init__.py:36]
2014-08-24 16:00:51,694 INFO: microblog startup [in d:\WingHome\myflask\blog\__init__.py:36]
2014-08-24 16:01:33,456 INFO: microblog startup [in d:\WingHome\myflask\blog\__init__.py:36]
2014-08-24 16:03:07,744 INFO: microblog startup [in d:\WingHome\myflask\blog\__init__.py:36]
2014-08-24 16:03:42,075 INFO: microblog startup [in d:\WingHome\myflask\blog\__init__.py:36]
2014-08-24 16:06:21,141 INFO: microblog startup [in d:\WingHome\myflask\blog\__init__.py:36]
2014-08-24 16:06:51,931 INFO: microblog startup [in d:\WingHome\myflask\blog\__init__.py:36]
2014-08-24 16:10:54,223 INFO: microblog startup [in d:\WingHome\myflask\blog\__init__.py:36]
2014-08-24 16:10:54,835 INFO: microblog startup [in d:\WingHome\myflask\blog\__init__.py:36]
2014-08-24 16:13:35,599 INFO: microblog startup [in d:\WingHome\myflask\blog\__init__.py:36]
2014-08-24 16:13:51,667 INFO: microblog startup [in d:\WingHome\myflask\blog\__init__.py:36]
2014-08-24 16:19:53,267 INFO: microblog startup [in d:\WingHome\myflask\blog\__init__.py:36]
2014-08-24 16:21:50,707 INFO: microblog startup [in d:\WingHome\myflask\blog\__init__.py:36]
2014-08-24 16:47:07,023 INFO: microblog startup [in d:\WingHome\myflask\blog\__init__.py:36]
2014-08-24 16:47:07,624 INFO: microblog startup [in d:\WingHome\myflask\blog\__init__.py:36]
2014-08-24 16:51:10,049 INFO: microblog startup [in d:\WingHome\myflask\blog\__init__.py:36]
2014-08-24 16:51:13,857 INFO: microblog startup [in d:\WingHome\myflask\blog\__init__.py:36]
2014-08-24 16:51:40,092 INFO: microblog startup [in d:\WingHome\myflask\blog\__init__.py:36]
2014-08-24 17:16:00,549 INFO: microblog startup [in d:\WingHome\myflask\blog\__init__.py:36]
2014-08-24 18:05:03,605 INFO: microblog startup [in d:\WingHome\myflask\blog\__init__.py:41]
2014-08-24 18:05:04,177 INFO: microblog startup [in d:\WingHome\myflask\blog\__init__.py:41]
2014-08-24 18:07:48,785 INFO: microblog startup [in d:\WingHome\myflask\blog\__init__.py:41]
2014-08-24 18:07:55,726 INFO: microblog startup [in d:\WingHome\myflask\blog\__init__.py:41]
2014-08-24 18:11:05,490 INFO: microblog startup [in d:\WingHome\myflask\blog\__init__.py:41]
2014-08-24 18:11:33,802 INFO: microblog startup [in d:\WingHome\myflask\blog\__init__.py:41]
2014-08-24 18:11:34,423 INFO: microblog startup [in d:\WingHome\myflask\blog\__init__.py:41]
2014-08-24 18:16:22,046 INFO: microblog startup [in d:\WingHome\myflask\blog\__init__.py:41]
2014-08-24 18:20:32,349 INFO: microblog startup [in d:\WingHome\myflask\blog\__init__.py:41]
2014-08-24 18:20:51,173 INFO: microblog startup [in d:\WingHome\myflask\blog\__init__.py:41]
2014-08-24 18:31:08,112 INFO: microblog startup [in d:\WingHome\myflask\blog\__init__.py:41]
2014-08-24 18:31:08,747 INFO: microblog startup [in d:\WingHome\myflask\blog\__init__.py:41]
2014-08-24 18:31:57,009 INFO: microblog startup [in d:\WingHome\myflask\blog\__init__.py:41]
2014-08-24 18:35:14,561 INFO: microblog startup [in d:\WingHome\myflask\blog\__init__.py:41]
2014-08-24 20:06:44,062 INFO: microblog startup [in d:\WingHome\myflask\blog\__init__.py:41]
2014-08-24 20:06:44,665 INFO: microblog startup [in d:\WingHome\myflask\blog\__init__.py:41]
2014-08-24 20:07:44,756 INFO: microblog startup [in d:\WingHome\myflask\blog\__init__.py:46]
2014-08-24 20:07:45,348 INFO: microblog startup [in d:\WingHome\myflask\blog\__init__.py:46]
2014-08-24 20:14:49,278 INFO: microblog startup [in d:\WingHome\myflask\blog\__init__.py:46]
2014-08-24 20:14:49,874 INFO: microblog startup [in d:\WingHome\myflask\blog\__init__.py:46]
2014-08-24 21:20:41,599 INFO: microblog startup [in d:\WingHome\myflask\blog\__init__.py:46]
2014-08-24 21:20:42,506 INFO: microblog startup [in d:\WingHome\myflask\blog\__init__.py:46]
2014-08-24 21:25:05,411 INFO: microblog startup [in d:\WingHome\myflask\blog\__init__.py:46]
2014-08-24 21:25:35,091 INFO: microblog startup [in d:\WingHome\myflask\blog\__init__.py:46]
2014-08-24 21:25:36,437 INFO: microblog startup [in d:\WingHome\myflask\blog\__init__.py:46]
2014-08-24 21:44:52,628 INFO: microblog startup [in d:\WingHome\myflask\blog\__init__.py:46]
2014-08-24 21:44:53,963 INFO: microblog startup [in d:\WingHome\myflask\blog\__init__.py:46]
2014-08-24 22:07:22,119 INFO: microblog startup [in d:\WingHome\myflask\blog\__init__.py:46]
2014-08-24 22:07:23,069 INFO: microblog startup [in d:\WingHome\myflask\blog\__init__.py:46]
2014-08-24 22:08:11,796 INFO: microblog startup [in d:\WingHome\myflask\blog\__init__.py:46]
2014-08-24 22:25:43,588 INFO: microblog startup [in d:\WingHome\myflask\blog\__init__.py:46]
2014-08-24 22:26:24,818 INFO: microblog startup [in d:\WingHome\myflask\blog\__init__.py:46]
2014-08-24 22:28:50,092 INFO: microblog startup [in d:\WingHome\myflask\blog\__init__.py:46]
2014-08-24 22:29:23,992 INFO: microblog startup [in d:\WingHome\myflask\blog\__init__.py:46]
2014-08-24 22:32:16,684 INFO: microblog startup [in d:\WingHome\myflask\blog\__init__.py:46]
2014-08-24 22:32:46,155 INFO: microblog startup [in d:\WingHome\myflask\blog\__init__.py:46]
2014-08-25 09:34:07,092 INFO: microblog startup [in d:\WingHome\myflask\blog\__init__.py:46]
2014-08-25 09:34:07,690 INFO: microblog startup [in d:\WingHome\myflask\blog\__init__.py:46]
2014-08-25 10:31:40,548 INFO: microblog startup [in d:\WingHome\myflask\blog\__init__.py:46]
2014-08-25 10:43:36,131 INFO: microblog startup [in d:\WingHome\myflask\blog\__init__.py:46]
2014-08-25 11:01:38,648 INFO: microblog startup [in d:\WingHome\myflask\blog\__init__.py:46]
2014-08-25 14:22:11,516 INFO: microblog startup [in d:\WingHome\myflask\blog\__init__.py:46]
2014-08-25 14:24:20,861 INFO: microblog startup [in d:\WingHome\myflask\blog\__init__.py:46]
2014-08-25 15:37:27,180 INFO: microblog startup [in d:\WingHome\myflask\blog\__init__.py:46]
2014-08-25 15:37:54,404 INFO: microblog startup [in d:\WingHome\myflask\blog\__init__.py:46]
2014-08-25 15:39:08,684 INFO: microblog startup [in d:\WingHome\myflask\blog\__init__.py:46]
2014-08-25 15:41:37,305 INFO: microblog startup [in d:\WingHome\myflask\blog\__init__.py:46]
2014-08-25 15:41:38,009 INFO: microblog startup [in d:\WingHome\myflask\blog\__init__.py:46]
2014-08-25 15:48:00,446 INFO: microblog startup [in d:\WingHome\myflask\blog\__init__.py:46]
2014-08-25 15:48:01,163 INFO: microblog startup [in d:\WingHome\myflask\blog\__init__.py:46]
2014-08-25 19:42:12,855 INFO: microblog startup [in d:\WingHome\myflask\blog\__init__.py:46]
2014-08-25 19:42:14,562 INFO: microblog startup [in d:\WingHome\myflask\blog\__init__.py:46]
2014-08-25 19:58:45,500 INFO: microblog startup [in d:\WingHome\myflask\blog\__init__.py:46]
2014-08-25 19:58:46,796 INFO: microblog startup [in d:\WingHome\myflask\blog\__init__.py:46]
2014-08-26 10:50:54,384 INFO: microblog startup [in d:\WingHome\myflask\blog\__init__.py:46]
2014-08-26 10:50:54,993 INFO: microblog startup [in d:\WingHome\myflask\blog\__init__.py:46]
2014-08-26 11:06:19,973 INFO: microblog startup [in d:\WingHome\myflask\blog\__init__.py:46]
2014-08-26 11:46:05,401 INFO: microblog startup [in d:\WingHome\myflask\blog\__init__.py:46]
2014-08-26 11:46:05,996 INFO: microblog startup [in d:\WingHome\myflask\blog\__init__.py:46]
2014-08-26 13:36:42,312 INFO: microblog startup [in d:\WingHome\myflask\blog\__init__.py:46]
2014-08-26 13:54:45,239 INFO: microblog startup [in d:\WingHome\myflask\blog\__init__.py:46]
2014-08-26 13:54:45,846 INFO: microblog startup [in d:\WingHome\myflask\blog\__init__.py:46]
2014-08-26 13:56:01,177 INFO: microblog startup [in d:\WingHome\myflask\blog\__init__.py:46]
2014-08-26 13:56:47,684 INFO: microblog startup [in d:\WingHome\myflask\blog\__init__.py:46]
2014-08-26 13:56:48,290 INFO: microblog startup [in d:\WingHome\myflask\blog\__init__.py:46]
2014-08-26 13:59:00,381 INFO: microblog startup [in d:\WingHome\myflask\blog\__init__.py:46]
2014-08-26 14:00:42,630 INFO: microblog startup [in d:\WingHome\myflask\blog\__init__.py:46]
2014-08-26 14:01:12,898 INFO: microblog startup [in d:\WingHome\myflask\blog\__init__.py:46]
2014-08-26 14:02:26,658 INFO: microblog startup [in d:\WingHome\myflask\blog\__init__.py:46]
2014-08-26 14:02:27,299 INFO: microblog startup [in d:\WingHome\myflask\blog\__init__.py:46]
2014-08-26 14:05:31,091 INFO: microblog startup [in d:\WingHome\myflask\blog\__init__.py:46]
2014-08-26 14:11:13,434 INFO: microblog startup [in d:\WingHome\myflask\blog\__init__.py:46]
2014-08-26 14:54:59,904 INFO: microblog startup [in d:\WingHome\myflask\blog\__init__.py:46]
2014-08-26 14:55:57,132 INFO: microblog startup [in d:\WingHome\myflask\blog\__init__.py:46]
2014-08-26 14:58:25,321 INFO: microblog startup [in d:\WingHome\myflask\blog\__init__.py:46]
2014-08-26 15:00:12,549 INFO: microblog startup [in d:\WingHome\myflask\blog\__init__.py:46]
2014-08-26 15:00:26,486 INFO: microblog startup [in d:\WingHome\myflask\blog\__init__.py:46]
2014-08-26 15:04:57,535 INFO: microblog startup [in d:\WingHome\myflask\blog\__init__.py:46]
2014-08-26 15:05:06,398 INFO: microblog startup [in d:\WingHome\myflask\blog\__init__.py:46]
2014-08-26 15:25:23,430 INFO: microblog startup [in d:\WingHome\myflask\blog\__init__.py:46]
2014-08-26 15:25:24,079 INFO: microblog startup [in d:\WingHome\myflask\blog\__init__.py:46]
2014-08-26 15:33:07,398 INFO: microblog startup [in d:\WingHome\myflask\blog\__init__.py:46]
2014-08-26 15:34:21,094 INFO: microblog startup [in d:\WingHome\myflask\blog\__init__.py:46]
2014-08-26 16:34:35,921 INFO: microblog startup [in d:\WingHome\myflask\blog\__init__.py:46]
2014-08-26 16:35:00,196 INFO: microblog startup [in d:\WingHome\myflask\blog\__init__.py:46]
2014-08-26 19:28:15,859 INFO: microblog startup [in d:\WingHome\myflask\blog\__init__.py:46]
2014-08-26 19:28:17,095 INFO: microblog startup [in d:\WingHome\myflask\blog\__init__.py:46]
2014-08-26 19:57:31,890 INFO: microblog startup [in d:\WingHome\myflask\blog\__init__.py:46]
2014-08-26 20:03:55,993 INFO: microblog startup [in d:\WingHome\myflask\blog\__init__.py:46]
2014-08-26 20:04:34,931 INFO: microblog startup [in d:\WingHome\myflask\blog\__init__.py:46]
2014-08-26 21:52:53,693 INFO: microblog startup [in d:\WingHome\myflask\blog\__init__.py:46]
2014-08-26 21:52:54,296 INFO: microblog startup [in d:\WingHome\myflask\blog\__init__.py:46]
2014-08-26 22:36:51,092 INFO: microblog startup [in d:\WingHome\myflask\blog\__init__.py:46]
2014-08-26 22:36:52,553 INFO: microblog startup [in d:\WingHome\myflask\blog\__init__.py:46]
2014-08-26 22:51:43,502 INFO: microblog startup [in d:\WingHome\myflask\blog\__init__.py:46]
2014-08-26 22:56:36,558 INFO: microblog startup [in d:\WingHome\myflask\blog\__init__.py:46]
2014-08-26 22:57:31,615 INFO: microblog startup [in d:\WingHome\myflask\blog\__init__.py:46]
2014-08-27 20:19:41,153 INFO: microblog startup [in d:\WingHome\myflask\blog\__init__.py:46]
2014-08-27 20:19:42,102 INFO: microblog startup [in d:\WingHome\myflask\blog\__init__.py:46]
2014-08-27 20:27:33,752 INFO: microblog startup [in d:\WingHome\myflask\blog\__init__.py:46]
2014-08-27 20:29:29,562 INFO: microblog startup [in d:\WingHome\myflask\blog\__init__.py:46]
2014-08-27 20:29:56,857 INFO: microblog startup [in d:\WingHome\myflask\blog\__init__.py:46]
2014-08-27 20:35:53,128 INFO: microblog startup [in d:\WingHome\myflask\blog\__init__.py:46]
2014-08-27 20:36:05,121 INFO: microblog startup [in d:\WingHome\myflask\blog\__init__.py:46]
2014-08-27 20:37:17,266 INFO: microblog startup [in d:\WingHome\myflask\blog\__init__.py:46]
2014-08-27 20:43:55,421 INFO: microblog startup [in d:\WingHome\myflask\blog\__init__.py:46]
2014-08-27 20:44:55,749 INFO: microblog startup [in d:\WingHome\myflask\blog\__init__.py:46]
2014-08-27 21:03:29,983 INFO: microblog startup [in d:\WingHome\myflask\blog\__init__.py:46]
2014-08-27 21:07:16,315 INFO: microblog startup [in d:\WingHome\myflask\blog\__init__.py:46]
2014-08-27 22:22:39,545 INFO: microblog startup [in d:\WingHome\myflask\blog\__init__.py:46]
2014-08-27 22:22:50,710 INFO: microblog startup [in d:\WingHome\myflask\blog\__init__.py:46]
2014-08-27 22:22:59,384 INFO: microblog startup [in d:\WingHome\myflask\blog\__init__.py:46]
2014-08-27 22:25:09,506 INFO: microblog startup [in d:\WingHome\myflask\blog\__init__.py:46]
2014-08-27 22:30:58,999 INFO: microblog startup [in d:\WingHome\myflask\blog\__init__.py:46]
2014-08-27 22:30:59,598 INFO: microblog startup [in d:\WingHome\myflask\blog\__init__.py:46]
2014-08-27 22:32:11,805 INFO: microblog startup [in d:\WingHome\myflask\blog\__init__.py:46]
2014-08-27 22:33:04,720 INFO: microblog startup [in d:\WingHome\myflask\blog\__init__.py:46]
2014-08-27 22:33:05,941 INFO: microblog startup [in d:\WingHome\myflask\blog\__init__.py:46]
2014-08-27 22:34:00,073 INFO: microblog startup [in d:\WingHome\myflask\blog\__init__.py:46]
2014-08-28 12:32:11,927 INFO: microblog startup [in d:\WingHome\myflask\blog\__init__.py:46]
2014-08-28 12:33:08,563 INFO: microblog startup [in d:\WingHome\myflask\blog\__init__.py:46]
2014-08-28 12:35:28,384 INFO: microblog startup [in d:\WingHome\myflask\blog\__init__.py:46]
2014-08-28 12:35:38,417 INFO: microblog startup [in d:\WingHome\myflask\blog\__init__.py:46]
2014-08-28 12:36:43,473 INFO: microblog startup [in d:\WingHome\myflask\blog\__init__.py:46]
2014-08-28 12:37:17,457 INFO: microblog startup [in d:\WingHome\myflask\blog\__init__.py:46]
2014-08-28 12:39:41,375 INFO: microblog startup [in d:\WingHome\myflask\blog\__init__.py:46]
2014-08-28 12:40:57,573 INFO: microblog startup [in d:\WingHome\myflask\blog\__init__.py:46]
2014-08-28 12:40:58,177 INFO: microblog startup [in d:\WingHome\myflask\blog\__init__.py:46]
2014-08-28 12:42:20,973 INFO: microblog startup [in d:\WingHome\myflask\blog\__init__.py:46]
2014-08-28 12:43:24,772 INFO: microblog startup [in d:\WingHome\myflask\blog\__init__.py:46]
2014-08-28 12:43:25,372 INFO: microblog startup [in d:\WingHome\myflask\blog\__init__.py:46]
2014-08-28 12:47:27,012 INFO: microblog startup [in d:\WingHome\myflask\blog\__init__.py:46]
2014-08-28 20:11:27,996 INFO: microblog startup [in d:\WingHome\myflask\blog\__init__.py:46]
2014-08-28 20:11:28,605 INFO: microblog startup [in d:\WingHome\myflask\blog\__init__.py:46]
2014-08-28 20:24:24,430 INFO: microblog startup [in d:\WingHome\myflask\blog\__init__.py:46]
2014-08-28 20:25:15,673 INFO: microblog startup [in d:\WingHome\myflask\blog\__init__.py:46]
2014-08-28 20:25:41,595 INFO: microblog startup [in d:\WingHome\myflask\blog\__init__.py:46]
2014-08-28 20:25:46,299 INFO: microblog startup [in d:\WingHome\myflask\blog\__init__.py:46]
2014-08-28 20:33:40,332 INFO: microblog startup [in d:\WingHome\myflask\blog\__init__.py:46]
2014-08-28 20:33:45,749 INFO: microblog startup [in d:\WingHome\myflask\blog\__init__.py:46]
2014-08-28 20:34:08,832 INFO: microblog startup [in d:\WingHome\myflask\blog\__init__.py:46]
2014-08-28 20:53:20,901 INFO: microblog startup [in d:\WingHome\myflask\blog\__init__.py:46]
2014-08-28 20:53:32,989 INFO: microblog startup [in d:\WingHome\myflask\blog\__init__.py:46]
2014-08-28 20:53:39,556 INFO: microblog startup [in d:\WingHome\myflask\blog\__init__.py:46]
2014-08-28 20:53:51,293 INFO: microblog startup [in d:\WingHome\myflask\blog\__init__.py:46]
2014-08-28 21:38:44,742 INFO: microblog startup [in d:\WingHome\myflask\blog\__init__.py:46]
2014-08-28 21:38:46,344 INFO: microblog startup [in d:\WingHome\myflask\blog\__init__.py:46]
2014-08-28 21:42:48,295 INFO: microblog startup [in d:\WingHome\myflask\blog\__init__.py:46]
2014-08-28 21:43:01,122 INFO: microblog startup [in d:\WingHome\myflask\blog\__init__.py:46]
2014-08-28 21:45:31,164 INFO: microblog startup [in d:\WingHome\myflask\blog\__init__.py:46]
2014-08-28 21:45:36,848 INFO: microblog startup [in d:\WingHome\myflask\blog\__init__.py:46]
2014-08-28 21:48:36,392 INFO: microblog startup [in d:\WingHome\myflask\blog\__init__.py:46]
2014-08-28 21:48:37,661 INFO: microblog startup [in d:\WingHome\myflask\blog\__init__.py:46]
2014-08-28 21:50:45,292 INFO: microblog startup [in d:\WingHome\myflask\blog\__init__.py:46]
2014-08-28 21:52:41,973 INFO: microblog startup [in d:\WingHome\myflask\blog\__init__.py:46]
2014-08-28 21:54:01,418 INFO: microblog startup [in d:\WingHome\myflask\blog\__init__.py:46]
2014-08-28 21:54:22,565 INFO: microblog startup [in d:\WingHome\myflask\blog\__init__.py:46]
2014-08-28 22:04:33,022 INFO: microblog startup [in d:\WingHome\myflask\blog\__init__.py:46]
2014-08-28 22:07:44,142 INFO: microblog startup [in d:\WingHome\myflask\blog\__init__.py:46]
2014-08-28 22:07:44,778 INFO: microblog startup [in d:\WingHome\myflask\blog\__init__.py:46]
2014-08-28 22:10:39,413 INFO: microblog startup [in d:\WingHome\myflask\blog\__init__.py:46]
2014-08-28 22:15:57,987 INFO: microblog startup [in d:\WingHome\myflask\blog\__init__.py:46]
2014-08-28 22:16:56,293 INFO: microblog startup [in d:\WingHome\myflask\blog\__init__.py:46]
2014-08-28 22:18:49,244 INFO: microblog startup [in d:\WingHome\myflask\blog\__init__.py:46]
2014-08-28 22:23:40,832 INFO: microblog startup [in d:\WingHome\myflask\blog\__init__.py:46]
2014-08-28 22:26:16,174 INFO: microblog startup [in d:\WingHome\myflask\blog\__init__.py:46]
2014-08-28 22:28:11,250 INFO: microblog startup [in d:\WingHome\myflask\blog\__init__.py:46]
2014-08-28 22:28:51,170 INFO: microblog startup [in d:\WingHome\myflask\blog\__init__.py:46]
2014-08-28 22:34:12,161 INFO: microblog startup [in d:\WingHome\myflask\blog\__init__.py:46]
2014-08-29 11:31:51,105 INFO: microblog startup [in d:\WingHome\myflask\blog\__init__.py:46]
2014-08-29 11:31:51,680 INFO: microblog startup [in d:\WingHome\myflask\blog\__init__.py:46]
2014-08-29 14:11:43,197 INFO: microblog startup [in d:\WingHome\myflask\blog\__init__.py:46]
2014-08-29 14:11:54,269 INFO: microblog startup [in d:\WingHome\myflask\blog\__init__.py:46]
2014-08-29 14:12:04,322 INFO: microblog startup [in d:\WingHome\myflask\blog\__init__.py:46]
2014-08-29 20:42:58,391 INFO: microblog startup [in d:\WingHome\myflask\blog\__init__.py:51]
2014-08-29 20:42:59,536 INFO: microblog startup [in d:\WingHome\myflask\blog\__init__.py:51]
2014-08-29 20:43:52,756 INFO: microblog startup [in d:\WingHome\myflask\blog\__init__.py:51]
2014-08-29 20:53:17,865 INFO: microblog startup [in d:\WingHome\myflask\blog\__init__.py:49]
2014-08-29 20:53:19,000 INFO: microblog startup [in d:\WingHome\myflask\blog\__init__.py:49]
2014-08-29 20:57:45,736 INFO: microblog startup [in d:\WingHome\myflask\blog\__init__.py:49]
2014-08-29 20:57:46,858 INFO: microblog startup [in d:\WingHome\myflask\blog\__init__.py:49]
2014-08-29 21:03:05,148 INFO: microblog startup [in d:\WingHome\myflask\blog\__init__.py:49]
2014-08-29 21:03:07,204 INFO: microblog startup [in d:\WingHome\myflask\blog\__init__.py:49]
2014-08-29 23:53:39,344 INFO: microblog startup [in d:\WingHome\myflask\blog\__init__.py:49]
2014-08-29 23:53:39,966 INFO: microblog startup [in d:\WingHome\myflask\blog\__init__.py:49]
2014-08-30 09:26:36,329 INFO: microblog startup [in d:\WingHome\myflask\blog\__init__.py:49]
2014-08-30 09:26:36,934 INFO: microblog startup [in d:\WingHome\myflask\blog\__init__.py:49]
2014-08-30 10:40:35,033 INFO: microblog startup [in d:\WingHome\myflask\blog\__init__.py:49]
2014-08-30 10:40:35,730 INFO: microblog startup [in d:\WingHome\myflask\blog\__init__.py:49]
2014-08-30 10:43:02,733 INFO: microblog startup [in d:\WingHome\myflask\blog\__init__.py:49]
2014-08-30 10:43:03,382 INFO: microblog startup [in d:\WingHome\myflask\blog\__init__.py:49]
2014-08-30 13:39:45,569 INFO: microblog startup [in d:\WingHome\myflask\blog\__init__.py:49]
2014-08-30 13:39:46,111 INFO: microblog startup [in d:\WingHome\myflask\blog\__init__.py:49]
2014-08-30 13:41:48,051 INFO: microblog startup [in d:\WingHome\myflask\blog\__init__.py:49]
2014-08-30 13:42:03,802 INFO: microblog startup [in d:\WingHome\myflask\blog\__init__.py:49]
2014-08-30 13:42:54,058 INFO: microblog startup [in d:\WingHome\myflask\blog\__init__.py:49]
2014-08-30 14:05:20,920 INFO: microblog startup [in d:\WingHome\myflask\blog\__init__.py:49]
2014-08-30 14:05:21,470 INFO: microblog startup [in d:\WingHome\myflask\blog\__init__.py:49]
2014-08-30 14:06:06,134 INFO: microblog startup [in d:\WingHome\myflask\blog\__init__.py:49]
2014-08-30 14:08:23,204 INFO: microblog startup [in d:\WingHome\myflask\blog\__init__.py:49]
2014-08-30 14:10:22,365 INFO: microblog startup [in d:\WingHome\myflask\blog\__init__.py:49]
2014-08-30 14:11:39,609 INFO: microblog startup [in d:\WingHome\myflask\blog\__init__.py:49]
2014-08-30 14:14:07,476 INFO: microblog startup [in d:\WingHome\myflask\blog\__init__.py:49]
2014-08-30 14:15:54,125 INFO: microblog startup [in d:\WingHome\myflask\blog\__init__.py:49]
2014-08-30 14:58:23,512 INFO: microblog startup [in d:\WingHome\myflask\blog\__init__.py:49]
2014-08-30 15:00:10,200 INFO: microblog startup [in d:\WingHome\myflask\blog\__init__.py:49]
2014-08-30 15:06:23,651 INFO: microblog startup [in d:\WingHome\myflask\blog\__init__.py:49]
2014-08-30 15:14:57,470 INFO: microblog startup [in d:\WingHome\myflask\blog\__init__.py:49]
2014-08-30 15:15:21,838 INFO: microblog startup [in d:\WingHome\myflask\blog\__init__.py:49]
2014-08-30 15:17:09,753 INFO: microblog startup [in d:\WingHome\myflask\blog\__init__.py:49]
2014-08-30 15:18:40,137 INFO: microblog startup [in d:\WingHome\myflask\blog\__init__.py:49]
2014-08-30 15:18:55,006 INFO: microblog startup [in d:\WingHome\myflask\blog\__init__.py:49]
2014-08-30 15:20:40,923 INFO: microblog startup [in d:\WingHome\myflask\blog\__init__.py:49]
2014-08-30 16:10:08,187 INFO: microblog startup [in d:\WingHome\myflask\blog\__init__.py:49]
2014-08-30 16:10:18,937 INFO: microblog startup [in d:\WingHome\myflask\blog\__init__.py:49]
2014-08-30 16:11:56,408 INFO: microblog startup [in d:\WingHome\myflask\blog\__init__.py:49]
2014-08-30 16:16:25,243 INFO: microblog startup [in d:\WingHome\myflask\blog\__init__.py:49]
2014-08-30 16:19:19,878 INFO: microblog startup [in d:\WingHome\myflask\blog\__init__.py:49]
2014-08-30 16:20:09,095 INFO: microblog startup [in d:\WingHome\myflask\blog\__init__.py:49]
2014-08-30 16:22:45,664 INFO: microblog startup [in d:\WingHome\myflask\blog\__init__.py:49]
2014-08-30 16:23:20,364 INFO: microblog startup [in d:\WingHome\myflask\blog\__init__.py:49]
2014-08-31 08:46:48,250 INFO: microblog startup [in d:\WingHome\myflask\blog\__init__.py:49]
2014-08-31 09:47:00,911 INFO: microblog startup [in d:\WingHome\myflask\blog\__init__.py:49]
2014-08-31 09:47:11,608 INFO: microblog startup [in d:\WingHome\myflask\blog\__init__.py:49]
2014-08-31 09:48:24,032 INFO: microblog startup [in d:\WingHome\myflask\blog\__init__.py:49]
2014-08-31 09:48:34,746 INFO: microblog startup [in d:\WingHome\myflask\blog\__init__.py:49]
2014-08-31 09:49:42,651 INFO: microblog startup [in d:\WingHome\myflask\blog\__init__.py:49]
2014-08-31 09:50:47,355 INFO: microblog startup [in d:\WingHome\myflask\blog\__init__.py:49]
2014-08-31 09:57:47,234 INFO: microblog startup [in d:\WingHome\myflask\blog\__init__.py:49]
2014-08-31 09:59:23,740 INFO: microblog startup [in d:\WingHome\myflask\blog\__init__.py:49]
2014-08-31 20:16:11,499 INFO: microblog startup [in d:\WingHome\myflask\blog\__init__.py:49]
2014-08-31 20:16:23,299 INFO: microblog startup [in d:\WingHome\myflask\blog\__init__.py:49]
2014-08-31 20:19:01,348 INFO: microblog startup [in d:\WingHome\myflask\blog\__init__.py:49]
2014-08-31 20:19:12,073 INFO: microblog startup [in d:\WingHome\myflask\blog\__init__.py:49]
2014-08-31 20:20:04,835 INFO: microblog startup [in d:\WingHome\myflask\blog\__init__.py:49]
2014-08-31 20:20:35,020 INFO: microblog startup [in d:\WingHome\myflask\blog\__init__.py:49]
2014-08-31 20:21:48,174 INFO: microblog startup [in d:\WingHome\myflask\blog\__init__.py:49]
2014-08-31 20:22:43,128 INFO: microblog startup [in d:\WingHome\myflask\blog\__init__.py:49]
2014-08-31 20:23:59,421 INFO: microblog startup [in d:\WingHome\myflask\blog\__init__.py:49]
2014-08-31 20:28:36,721 INFO: microblog startup [in d:\WingHome\myflask\blog\__init__.py:49]
2014-08-31 20:34:13,153 INFO: microblog startup [in d:\WingHome\myflask\blog\__init__.py:49]
2014-08-31 20:35:32,446 INFO: microblog startup [in d:\WingHome\myflask\blog\__init__.py:49]
2014-08-31 20:35:53,483 INFO: microblog startup [in d:\WingHome\myflask\blog\__init__.py:49]
2014-08-31 20:36:46,173 INFO: microblog startup [in d:\WingHome\myflask\blog\__init__.py:49]
2014-08-31 20:37:37,780 INFO: microblog startup [in d:\WingHome\myflask\blog\__init__.py:49]
2014-08-31 20:38:12,141 INFO: microblog startup [in d:\WingHome\myflask\blog\__init__.py:49]
2014-08-31 20:41:44,443 INFO: microblog startup [in d:\WingHome\myflask\blog\__init__.py:49]
2014-08-31 20:43:08,976 INFO: microblog startup [in d:\WingHome\myflask\blog\__init__.py:49]
2014-08-31 20:43:19,714 INFO: microblog startup [in d:\WingHome\myflask\blog\__init__.py:49]
2014-08-31 20:45:15,710 INFO: microblog startup [in d:\WingHome\myflask\blog\__init__.py:49]
2014-08-31 20:45:33,611 INFO: microblog startup [in d:\WingHome\myflask\blog\__init__.py:49]
2014-08-31 20:46:05,161 INFO: microblog startup [in d:\WingHome\myflask\blog\__init__.py:49]
2014-08-31 20:47:30,493 INFO: microblog startup [in d:\WingHome\myflask\blog\__init__.py:49]
2014-08-31 20:48:41,565 INFO: microblog startup [in d:\WingHome\myflask\blog\__init__.py:49]
2014-08-31 21:04:41,591 INFO: microblog startup [in d:\WingHome\myflask\blog\__init__.py:49]
2014-08-31 21:04:52,401 INFO: microblog startup [in d:\WingHome\myflask\blog\__init__.py:49]
2014-08-31 22:32:58,167 INFO: microblog startup [in d:\WingHome\myflask\blog\__init__.py:49]
2014-09-01 15:13:20,596 INFO: microblog startup [in d:\WingHome\myflask\blog\__init__.py:49]
2014-09-01 15:13:31,306 INFO: microblog startup [in d:\WingHome\myflask\blog\__init__.py:49]
2014-09-01 15:57:06,607 INFO: microblog startup [in d:\WingHome\myflask\blog\__init__.py:49]
2014-09-01 16:50:44,723 INFO: microblog startup [in d:\WingHome\myflask\blog\__init__.py:49]
2014-09-02 20:04:10,868 INFO: microblog startup [in d:\WingHome\myflask\blog\__init__.py:49]
2014-09-02 20:04:47,877 INFO: microblog startup [in d:\WingHome\myflask\blog\__init__.py:49]
2014-09-02 20:24:50,072 INFO: microblog startup [in d:\WingHome\myflask\blog\__init__.py:49]
2014-09-02 20:40:23,634 INFO: microblog startup [in d:\WingHome\myflask\blog\__init__.py:49]
2014-09-02 20:47:55,229 INFO: microblog startup [in d:\WingHome\myflask\blog\__init__.py:49]
2014-09-02 21:07:10,063 INFO: microblog startup [in d:\WingHome\myflask\blog\__init__.py:49]
2014-09-02 21:08:05,578 INFO: microblog startup [in d:\WingHome\myflask\blog\__init__.py:49]
2014-09-02 21:27:14,641 INFO: microblog startup [in d:\WingHome\myflask\blog\__init__.py:49]
2014-09-02 21:30:33,329 INFO: microblog startup [in d:\WingHome\myflask\blog\__init__.py:49]
2014-09-02 21:34:28,551 INFO: microblog startup [in d:\WingHome\myflask\blog\__init__.py:49]
2014-09-02 21:34:40,816 INFO: microblog startup [in d:\WingHome\myflask\blog\__init__.py:49]
2014-09-02 22:02:45,371 INFO: microblog startup [in d:\WingHome\myflask\blog\__init__.py:49]
2014-09-02 22:03:43,943 INFO: microblog startup [in d:\WingHome\myflask\blog\__init__.py:49]
2014-09-02 22:25:02,417 INFO: microblog startup [in d:\WingHome\myflask\blog\__init__.py:49]
2014-09-02 22:25:40,808 INFO: microblog startup [in d:\WingHome\myflask\blog\__init__.py:49]
2014-09-02 22:26:36,769 INFO: microblog startup [in d:\WingHome\myflask\blog\__init__.py:49]
2014-09-03 17:04:43,769 INFO: microblog startup [in d:\WingHome\myflask\blog\__init__.py:49]
2014-09-03 17:04:54,609 INFO: microblog startup [in d:\WingHome\myflask\blog\__init__.py:49]
2014-09-03 19:42:16,233 INFO: microblog startup [in d:\WingHome\myflask\blog\__init__.py:49]
2014-09-03 19:42:28,813 INFO: microblog startup [in d:\WingHome\myflask\blog\__init__.py:49]
2014-09-03 19:47:08,628 INFO: microblog startup [in d:\WingHome\myflask\blog\__init__.py:49]
2014-09-03 19:47:19,918 INFO: microblog startup [in d:\WingHome\myflask\blog\__init__.py:49]
2014-09-03 19:48:06,153 INFO: microblog startup [in d:\WingHome\myflask\blog\__init__.py:49]
2014-09-03 19:52:05,594 INFO: microblog startup [in d:\WingHome\myflask\blog\__init__.py:49]
2014-09-03 19:52:46,500 INFO: microblog startup [in d:\WingHome\myflask\blog\__init__.py:49]
2014-09-03 21:24:05,292 INFO: microblog startup [in d:\WingHome\myflask\blog\__init__.py:49]
2014-09-03 21:24:16,637 INFO: microblog startup [in d:\WingHome\myflask\blog\__init__.py:49]
2014-09-03 21:29:52,680 INFO: microblog startup [in d:\WingHome\myflask\blog\__init__.py:49]
2014-09-03 21:30:44,101 INFO: microblog startup [in d:\WingHome\myflask\blog\__init__.py:49]
2014-09-03 21:33:10,107 INFO: microblog startup [in d:\WingHome\myflask\blog\__init__.py:49]
2014-09-03 21:35:47,951 INFO: microblog startup [in d:\WingHome\myflask\blog\__init__.py:49]
2014-09-03 22:51:35,456 INFO: microblog startup [in d:\WingHome\myflask\blog\__init__.py:49]
2014-09-04 10:18:29,556 INFO: microblog startup [in d:\WingHome\myflask\blog\__init__.py:49]
2014-09-04 10:18:40,357 INFO: microblog startup [in d:\WingHome\myflask\blog\__init__.py:49]
2014-09-04 11:12:46,200 INFO: microblog startup [in d:\WingHome\myflask\blog\__init__.py:49]
2014-09-04 20:07:21,299 INFO: microblog startup [in d:\WingHome\myflask\blog\__init__.py:49]
2014-09-04 20:07:32,641 INFO: microblog startup [in d:\WingHome\myflask\blog\__init__.py:49]
